<?xml version="1.0" encoding="UTF-8" ?>
<testsuite errors="0" failures="0" hostname="baiacu.local" name="ex1.HandEvaluatorTest" skipped="0" tests="10" time="0.099" timestamp="2015-04-29T19:56:46">
  <properties>
[...]
</properties>
  <testcase classname="ex1.HandEvaluatorTest" name="fullHouse" time="0.008" />
  <testcase classname="ex1.HandEvaluatorTest" name="highCard" time="0.001" />
  <testcase classname="ex1.HandEvaluatorTest" name="onePair" time="0.001" />
  <testcase classname="ex1.HandEvaluatorTest" name="royalFlush" time="0.001" />
  <testcase classname="ex1.HandEvaluatorTest" name="flush" time="0.001" />
  <testcase classname="ex1.HandEvaluatorTest" name="threeOfAKind" time="0.001" />
  <testcase classname="ex1.HandEvaluatorTest" name="fourOfAKind" time="0.0" />
  <testcase classname="ex1.HandEvaluatorTest" name="straightFlush" time="0.0" />
  <testcase classname="ex1.HandEvaluatorTest" name="straight" time="0.002" />
  <testcase classname="ex1.HandEvaluatorTest" name="twoPairs" time="0.001" />
  <system-out><![CDATA[]]></system-out>
  <system-err><![CDATA[]]></system-err>
</testsuite>
